2023-04-10 22:54:41,802 INFO o.h.v.i.u.Version [background-preinit] HV000001: Hibernate Validator 8.0.0.Final
2023-04-10 22:54:41,867 INFO o.s.b.StartupInfoLogger [restartedMain] Starting Java13SpringMyApplication using Java 18.0.2.1 with PID 12800 (C:\Users\bit1.000\YandexDisk\Studies\sd_itd\target\classes started by bit1 in C:\Users\bit1.000\YandexDisk\Studies\sd_itd)
2023-04-10 22:54:41,874 INFO o.s.b.SpringApplication [restartedMain] No active profile set, falling back to 1 default profile: "default"
2023-04-10 22:54:42,343 INFO o.s.b.l.DeferredLog [restartedMain] The Class-Path manifest attribute in C:\Users\bit1.000\.m2\repository\com\sun\xml\bind\jaxb-core\4.0.0\jaxb-core-4.0.0.jar referenced one or more files that do not exist: file:/C:/Users/bit1.000/.m2/repository/com/sun/xml/bind/jaxb-core/4.0.0/jakarta.activation-api.jar,file:/C:/Users/bit1.000/.m2/repository/com/sun/xml/bind/jaxb-core/4.0.0/jakarta.xml.bind-api.jar
2023-04-10 22:54:42,344 INFO o.s.b.l.DeferredLog [restartedMain] Devtools property defaults active! Set 'spring.devtools.add-properties' to 'false' to disable
2023-04-10 22:54:42,344 INFO o.s.b.l.DeferredLog [restartedMain] For additional web related logging consider setting the 'logging.level.web' property to 'DEBUG'
2023-04-10 22:54:43,740 INFO o.s.d.r.c.RepositoryConfigurationDelegate [restartedMain] Multiple Spring Data modules found, entering strict repository configuration mode
2023-04-10 22:54:43,741 INFO o.s.d.r.c.RepositoryConfigurationDelegate [restartedMain] Bootstrapping Spring Data JDBC repositories in DEFAULT mode.
2023-04-10 22:54:43,789 INFO o.s.d.r.c.RepositoryConfigurationExtensionSupport [restartedMain] Spring Data JDBC - Could not safely identify store assignment for repository candidate interface ru.sber.spring.java13springmy.sdproject.repository.AttachmentsRepository; If you want this repository to be a JDBC repository, consider annotating your entities with one of these annotations: org.springframework.data.relational.core.mapping.Table.
2023-04-10 22:54:43,790 INFO o.s.d.r.c.RepositoryConfigurationExtensionSupport [restartedMain] Spring Data JDBC - Could not safely identify store assignment for repository candidate interface ru.sber.spring.java13springmy.sdproject.repository.CalendarRepository; If you want this repository to be a JDBC repository, consider annotating your entities with one of these annotations: org.springframework.data.relational.core.mapping.Table.
2023-04-10 22:54:43,792 INFO o.s.d.r.c.RepositoryConfigurationExtensionSupport [restartedMain] Spring Data JDBC - Could not safely identify store assignment for repository candidate interface ru.sber.spring.java13springmy.sdproject.repository.CategoryRepository; If you want this repository to be a JDBC repository, consider annotating your entities with one of these annotations: org.springframework.data.relational.core.mapping.Table.
2023-04-10 22:54:43,793 INFO o.s.d.r.c.RepositoryConfigurationExtensionSupport [restartedMain] Spring Data JDBC - Could not safely identify store assignment for repository candidate interface ru.sber.spring.java13springmy.sdproject.repository.GroupRepository; If you want this repository to be a JDBC repository, consider annotating your entities with one of these annotations: org.springframework.data.relational.core.mapping.Table.
2023-04-10 22:54:43,795 INFO o.s.d.r.c.RepositoryConfigurationExtensionSupport [restartedMain] Spring Data JDBC - Could not safely identify store assignment for repository candidate interface ru.sber.spring.java13springmy.sdproject.repository.HistoryRepository; If you want this repository to be a JDBC repository, consider annotating your entities with one of these annotations: org.springframework.data.relational.core.mapping.Table.
2023-04-10 22:54:43,796 INFO o.s.d.r.c.RepositoryConfigurationExtensionSupport [restartedMain] Spring Data JDBC - Could not safely identify store assignment for repository candidate interface ru.sber.spring.java13springmy.sdproject.repository.LocationRepository; If you want this repository to be a JDBC repository, consider annotating your entities with one of these annotations: org.springframework.data.relational.core.mapping.Table.
2023-04-10 22:54:43,798 INFO o.s.d.r.c.RepositoryConfigurationExtensionSupport [restartedMain] Spring Data JDBC - Could not safely identify store assignment for repository candidate interface ru.sber.spring.java13springmy.sdproject.repository.RoleRepository; If you want this repository to be a JDBC repository, consider annotating your entities with one of these annotations: org.springframework.data.relational.core.mapping.Table.
2023-04-10 22:54:43,800 INFO o.s.d.r.c.RepositoryConfigurationExtensionSupport [restartedMain] Spring Data JDBC - Could not safely identify store assignment for repository candidate interface ru.sber.spring.java13springmy.sdproject.repository.SLARepository; If you want this repository to be a JDBC repository, consider annotating your entities with one of these annotations: org.springframework.data.relational.core.mapping.Table.
2023-04-10 22:54:43,802 INFO o.s.d.r.c.RepositoryConfigurationExtensionSupport [restartedMain] Spring Data JDBC - Could not safely identify store assignment for repository candidate interface ru.sber.spring.java13springmy.sdproject.repository.TaskRepository; If you want this repository to be a JDBC repository, consider annotating your entities with one of these annotations: org.springframework.data.relational.core.mapping.Table.
2023-04-10 22:54:43,804 INFO o.s.d.r.c.RepositoryConfigurationExtensionSupport [restartedMain] Spring Data JDBC - Could not safely identify store assignment for repository candidate interface ru.sber.spring.java13springmy.sdproject.repository.TypeTaskRepository; If you want this repository to be a JDBC repository, consider annotating your entities with one of these annotations: org.springframework.data.relational.core.mapping.Table.
2023-04-10 22:54:43,806 INFO o.s.d.r.c.RepositoryConfigurationExtensionSupport [restartedMain] Spring Data JDBC - Could not safely identify store assignment for repository candidate interface ru.sber.spring.java13springmy.sdproject.repository.UserRepository; If you want this repository to be a JDBC repository, consider annotating your entities with one of these annotations: org.springframework.data.relational.core.mapping.Table.
2023-04-10 22:54:43,808 INFO o.s.d.r.c.RepositoryConfigurationExtensionSupport [restartedMain] Spring Data JDBC - Could not safely identify store assignment for repository candidate interface ru.sber.spring.java13springmy.sdproject.repository.WorkScheduleRepository; If you want this repository to be a JDBC repository, consider annotating your entities with one of these annotations: org.springframework.data.relational.core.mapping.Table.
2023-04-10 22:54:43,809 INFO o.s.d.r.c.RepositoryConfigurationDelegate [restartedMain] Finished Spring Data repository scanning in 62 ms. Found 0 JDBC repository interfaces.
2023-04-10 22:54:43,818 INFO o.s.d.r.c.RepositoryConfigurationDelegate [restartedMain] Multiple Spring Data modules found, entering strict repository configuration mode
2023-04-10 22:54:43,819 INFO o.s.d.r.c.RepositoryConfigurationDelegate [restartedMain] Bootstrapping Spring Data JPA repositories in DEFAULT mode.
2023-04-10 22:54:43,873 INFO o.s.d.r.c.RepositoryConfigurationDelegate [restartedMain] Finished Spring Data repository scanning in 49 ms. Found 12 JPA repository interfaces.
2023-04-10 22:54:44,636 INFO o.s.b.w.e.t.TomcatWebServer [restartedMain] Tomcat initialized with port(s): 9090 (http)
2023-04-10 22:54:44,647 INFO o.a.j.l.DirectJDKLog [restartedMain] Initializing ProtocolHandler ["http-nio-9090"]
2023-04-10 22:54:44,647 INFO o.a.j.l.DirectJDKLog [restartedMain] Starting service [Tomcat]
2023-04-10 22:54:44,648 INFO o.a.j.l.DirectJDKLog [restartedMain] Starting Servlet engine: [Apache Tomcat/10.1.4]
2023-04-10 22:54:44,725 INFO o.a.j.l.DirectJDKLog [restartedMain] Initializing Spring embedded WebApplicationContext
2023-04-10 22:54:44,725 INFO o.s.b.w.s.c.ServletWebServerApplicationContext [restartedMain] Root WebApplicationContext: initialization completed in 2380 ms
2023-04-10 22:54:44,974 INFO o.h.j.i.u.LogHelper [restartedMain] HHH000204: Processing PersistenceUnitInfo [name: default]
2023-04-10 22:54:45,043 INFO o.h.Version [restartedMain] HHH000412: Hibernate ORM core version 6.1.6.Final
2023-04-10 22:54:45,452 INFO c.z.h.HikariDataSource [restartedMain] HikariPool-1 - Starting...
2023-04-10 22:54:45,619 INFO c.z.h.p.HikariPool [restartedMain] HikariPool-1 - Added connection org.postgresql.jdbc.PgConnection@2a9c2eac
2023-04-10 22:54:45,621 INFO c.z.h.HikariDataSource [restartedMain] HikariPool-1 - Start completed.
2023-04-10 22:54:45,650 INFO o.h.e.j.d.i.DialectFactoryImpl [restartedMain] HHH000400: Using dialect: org.hibernate.dialect.PostgreSQLDialect
2023-04-10 22:54:45,885 WARN o.h.b.i.InFlightMetadataCollectorImpl [restartedMain] HHH000069: Duplicate generator name default_gen
2023-04-10 22:54:45,925 WARN o.h.b.i.InFlightMetadataCollectorImpl [restartedMain] HHH000069: Duplicate generator name default_gen
2023-04-10 22:54:45,928 WARN o.h.b.i.InFlightMetadataCollectorImpl [restartedMain] HHH000069: Duplicate generator name default_gen
2023-04-10 22:54:45,936 WARN o.h.b.i.InFlightMetadataCollectorImpl [restartedMain] HHH000069: Duplicate generator name default_gen
2023-04-10 22:54:45,946 WARN o.h.b.i.InFlightMetadataCollectorImpl [restartedMain] HHH000069: Duplicate generator name default_gen
2023-04-10 22:54:45,951 WARN o.h.b.i.InFlightMetadataCollectorImpl [restartedMain] HHH000069: Duplicate generator name default_gen
2023-04-10 22:54:45,964 WARN o.h.b.i.InFlightMetadataCollectorImpl [restartedMain] HHH000069: Duplicate generator name default_gen
2023-04-10 22:54:45,972 WARN o.h.b.i.InFlightMetadataCollectorImpl [restartedMain] HHH000069: Duplicate generator name default_gen
2023-04-10 22:54:45,981 WARN o.h.b.i.InFlightMetadataCollectorImpl [restartedMain] HHH000069: Duplicate generator name default_gen
2023-04-10 22:54:47,496 INFO o.h.e.t.j.p.i.JtaPlatformInitiator [restartedMain] HHH000490: Using JtaPlatform implementation: [org.hibernate.engine.transaction.jta.platform.internal.NoJtaPlatform]
2023-04-10 22:54:47,506 INFO o.s.o.j.AbstractEntityManagerFactoryBean [restartedMain] Initialized JPA EntityManagerFactory for persistence unit 'default'
2023-04-10 22:54:49,722 WARN o.s.b.a.o.j.JpaBaseConfiguration$JpaWebConfiguration [restartedMain] spring.jpa.open-in-view is enabled by default. Therefore, database queries may be performed during view rendering. Explicitly configure spring.jpa.open-in-view to disable this warning
2023-04-10 22:54:49,809 INFO o.s.b.a.w.s.WelcomePageHandlerMapping [restartedMain] Adding welcome page template: index
2023-04-10 22:54:50,769 INFO o.s.s.w.DefaultSecurityFilterChain [restartedMain] Will secure any request with [org.springframework.security.web.session.DisableEncodeUrlFilter@7eac0ae9, org.springframework.security.web.context.request.async.WebAsyncManagerIntegrationFilter@6b6f533f, org.springframework.security.web.context.SecurityContextHolderFilter@4a303f1f, org.springframework.security.web.header.HeaderWriterFilter@2407a93, org.springframework.security.web.csrf.CsrfFilter@62519963, org.springframework.security.web.authentication.logout.LogoutFilter@1aaab129, org.springframework.security.web.authentication.UsernamePasswordAuthenticationFilter@be3a92e, org.springframework.security.web.savedrequest.RequestCacheAwareFilter@b62a877, org.springframework.security.web.servletapi.SecurityContextHolderAwareRequestFilter@54f3e161, org.springframework.security.web.authentication.AnonymousAuthenticationFilter@7d533da5, org.springframework.security.web.access.ExceptionTranslationFilter@5325ec6a, org.springframework.security.web.access.intercept.AuthorizationFilter@25961803]
2023-04-10 22:54:51,231 INFO o.s.b.d.a.OptionalLiveReloadServer [restartedMain] LiveReload server is running on port 35729
2023-04-10 22:54:51,256 INFO o.a.j.l.DirectJDKLog [restartedMain] Starting ProtocolHandler ["http-nio-9090"]
2023-04-10 22:54:51,286 INFO o.s.b.w.e.t.TomcatWebServer [restartedMain] Tomcat started on port(s): 9090 (http) with context path ''
2023-04-10 22:54:51,300 INFO o.s.b.StartupInfoLogger [restartedMain] Started Java13SpringMyApplication in 10.066 seconds (process running for 12.005)
2023-04-10 22:55:07,442 INFO o.a.j.l.DirectJDKLog [http-nio-9090-exec-2] Initializing Spring DispatcherServlet 'dispatcherServlet'
2023-04-10 22:55:07,443 INFO o.s.w.s.FrameworkServlet [http-nio-9090-exec-2] Initializing Servlet 'dispatcherServlet'
2023-04-10 22:55:07,444 INFO o.s.w.s.FrameworkServlet [http-nio-9090-exec-2] Completed initialization in 1 ms
